<?xml version="1.0" encoding="UTF-8"?>
<testsuite name="mancala.AyoRulesTest" tests="4" skipped="0" failures="0" errors="0" timestamp="2023-11-27T05:09:55" hostname="Muhammads-Air.phub.net.cable.rogers.com" time="0.329">
  <properties/>
  <testcase name="testCaptureStonesNonEmptyTarget()" classname="mancala.AyoRulesTest" time="0.281"/>
  <testcase name="testMoveStonesOneMove()" classname="mancala.AyoRulesTest" time="0.019"/>
  <testcase name="testDistributeStonesSingleMove()" classname="mancala.AyoRulesTest" time="0.002"/>
  <testcase name="testMoveStonesMultiMove()" classname="mancala.AyoRulesTest" time="0.003"/>
  <system-out><![CDATA[]]></system-out>
  <system-err><![CDATA[]]></system-err>
</testsuite>
