<?xml version="1.0" encoding="UTF-8"?>
<testsuite name="mancala.KalahRulesTest" tests="4" skipped="0" failures="0" errors="0" timestamp="2023-11-27T05:09:55" hostname="Muhammads-Air.phub.net.cable.rogers.com" time="0.086">
  <properties/>
  <testcase name="testCaptureStonesNonEmptyTarget()" classname="mancala.KalahRulesTest" time="0.003"/>
  <testcase name="testMoveStonesOneMove()" classname="mancala.KalahRulesTest" time="0.027"/>
  <testcase name="testDistributeStonesSingleMove()" classname="mancala.KalahRulesTest" time="0.036"/>
  <testcase name="testMoveStonesWithCapture()" classname="mancala.KalahRulesTest" time="0.008"/>
  <system-out><![CDATA[After return 1
]]></system-out>
  <system-err><![CDATA[]]></system-err>
</testsuite>
